Nov 22, 2014 1:12:09 PM edu.jenks.test.TestRunner processStudents
INFO: Begin test of package edu.banking.smith.eli
************************************************************
Nov 22, 2014 1:12:09 PM edu.jenks.banking.test.BankingP1Test setUp
INFO: checking account instantiated
Nov 22, 2014 1:12:09 PM edu.jenks.banking.test.BankingP1Test setUp
INFO: customer instantiated
Nov 22, 2014 1:12:09 PM edu.jenks.banking.test.BankingP1Test testCustomer
INFO: Add and get checking account to customer passed
Nov 22, 2014 1:12:09 PM edu.jenks.banking.test.BankingP1Test testDeposit
INFO: Deposit passed.
Nov 22, 2014 1:12:09 PM edu.jenks.banking.test.BankingP1Test testWithdraw
INFO: Basic withdraw passed.
Nov 22, 2014 1:12:09 PM edu.jenks.banking.test.BankingP1Test testWithdraw
INFO: Overdraft passed.
Nov 22, 2014 1:12:09 PM edu.jenks.test.TestRunner processStudents
INFO: Total for edu.banking.smith.eli:
40 points.
************************************************************

Nov 22, 2014 1:12:09 PM edu.jenks.test.TestRunner processStudents
INFO: Congratulation!  You earned all available points!
